<?xml version="1.0" encoding="UTF-8"?>
<testng-results skipped="0" failed="0" ignored="2" total="13" passed="11">
  <reporter-output>
  </reporter-output>
  <suite name="Suite" duration-ms="108" started-at="2021-12-03T17:17:07 IST" finished-at="2021-12-03T17:17:07 IST">
    <groups>
    </groups>
    <test name="Unit Test" duration-ms="53" started-at="2021-12-03T17:17:07 IST" finished-at="2021-12-03T17:17:07 IST">
      <class name="com.testNG.dataProvider.DataProviderParameterExample">
        <test-method status="PASS" signature="commonScenarios(java.lang.String)[pri:0, instance:com.testNG.dataProvider.DataProviderParameterExample@7c30a502]" name="commonScenarios" duration-ms="2" started-at="2021-12-03T17:17:07 IST" data-provider="scenarioData" finished-at="2021-12-03T17:17:07 IST">
          <params>
            <param index="0">
              <value>
                <![CDATA[Common scenario data]]>
              </value>
            </param>
          </params>
          <reporter-output>
          </reporter-output>
        </test-method> <!-- commonScenarios -->
        <test-method status="PASS" signature="scenario1(java.lang.String)[pri:0, instance:com.testNG.dataProvider.DataProviderParameterExample@7c30a502]" name="scenario1" duration-ms="0" started-at="2021-12-03T17:17:07 IST" data-provider="scenarioData" finished-at="2021-12-03T17:17:07 IST">
          <params>
            <param index="0">
              <value>
                <![CDATA[Scenario1 data]]>
              </value>
            </param>
          </params>
          <reporter-output>
          </reporter-output>
        </test-method> <!-- scenario1 -->
        <test-method status="PASS" signature="scenario2(java.lang.String)[pri:0, instance:com.testNG.dataProvider.DataProviderParameterExample@7c30a502]" name="scenario2" duration-ms="0" started-at="2021-12-03T17:17:07 IST" data-provider="scenarioData" finished-at="2021-12-03T17:17:07 IST">
          <params>
            <param index="0">
              <value>
                <![CDATA[Scenario2 data]]>
              </value>
            </param>
          </params>
          <reporter-output>
          </reporter-output>
        </test-method> <!-- scenario2 -->
      </class> <!-- com.testNG.dataProvider.DataProviderParameterExample -->
    </test> <!-- Unit Test -->
    <test name="IntegrationLevel" duration-ms="3" started-at="2021-12-03T17:17:07 IST" finished-at="2021-12-03T17:17:07 IST">
      <class name="com.testNG.dataProvider.DataProviderParameterExample">
        <test-method status="PASS" signature="commonScenarios(java.lang.String)[pri:0, instance:com.testNG.dataProvider.DataProviderParameterExample@6442b0a6]" name="commonScenarios" duration-ms="1" started-at="2021-12-03T17:17:07 IST" data-provider="scenarioData" finished-at="2021-12-03T17:17:07 IST">
          <params>
            <param index="0">
              <value>
                <![CDATA[Common scenario data]]>
              </value>
            </param>
          </params>
          <reporter-output>
          </reporter-output>
        </test-method> <!-- commonScenarios -->
        <test-method status="PASS" signature="scenario1(java.lang.String)[pri:0, instance:com.testNG.dataProvider.DataProviderParameterExample@6442b0a6]" name="scenario1" duration-ms="0" started-at="2021-12-03T17:17:07 IST" data-provider="scenarioData" finished-at="2021-12-03T17:17:07 IST">
          <params>
            <param index="0">
              <value>
                <![CDATA[Scenario1 data]]>
              </value>
            </param>
          </params>
          <reporter-output>
          </reporter-output>
        </test-method> <!-- scenario1 -->
        <test-method status="PASS" signature="scenario2(java.lang.String)[pri:0, instance:com.testNG.dataProvider.DataProviderParameterExample@6442b0a6]" name="scenario2" duration-ms="1" started-at="2021-12-03T17:17:07 IST" data-provider="scenarioData" finished-at="2021-12-03T17:17:07 IST">
          <params>
            <param index="0">
              <value>
                <![CDATA[Scenario2 data]]>
              </value>
            </param>
          </params>
          <reporter-output>
          </reporter-output>
        </test-method> <!-- scenario2 -->
      </class> <!-- com.testNG.dataProvider.DataProviderParameterExample -->
    </test> <!-- IntegrationLevel -->
    <test name="AcceptanceLevel" duration-ms="1" started-at="2021-12-03T17:17:07 IST" finished-at="2021-12-03T17:17:07 IST">
      <class name="com.testNG.dataProvider.DataProviderParameterExample">
        <test-method status="PASS" signature="commonScenarios(java.lang.String)[pri:0, instance:com.testNG.dataProvider.DataProviderParameterExample@1554909b]" name="commonScenarios" duration-ms="0" started-at="2021-12-03T17:17:07 IST" data-provider="scenarioData" finished-at="2021-12-03T17:17:07 IST">
          <params>
            <param index="0">
              <value>
                <![CDATA[Common scenario data]]>
              </value>
            </param>
          </params>
          <reporter-output>
          </reporter-output>
        </test-method> <!-- commonScenarios -->
        <test-method status="PASS" signature="scenario2(java.lang.String)[pri:0, instance:com.testNG.dataProvider.DataProviderParameterExample@1554909b]" name="scenario2" duration-ms="0" started-at="2021-12-03T17:17:07 IST" data-provider="scenarioData" finished-at="2021-12-03T17:17:07 IST">
          <params>
            <param index="0">
              <value>
                <![CDATA[Scenario2 data]]>
              </value>
            </param>
          </params>
          <reporter-output>
          </reporter-output>
        </test-method> <!-- scenario2 -->
        <test-method status="PASS" signature="scenario1(java.lang.String)[pri:0, instance:com.testNG.dataProvider.DataProviderParameterExample@1554909b]" name="scenario1" duration-ms="0" started-at="2021-12-03T17:17:07 IST" data-provider="scenarioData" finished-at="2021-12-03T17:17:07 IST">
          <params>
            <param index="0">
              <value>
                <![CDATA[Scenario1 data]]>
              </value>
            </param>
          </params>
          <reporter-output>
          </reporter-output>
        </test-method> <!-- scenario1 -->
      </class> <!-- com.testNG.dataProvider.DataProviderParameterExample -->
    </test> <!-- AcceptanceLevel -->
  </suite> <!-- Suite -->
  <suite name="Suite (0)" duration-ms="4" started-at="2021-12-03T17:17:07 IST" finished-at="2021-12-03T17:17:07 IST">
    <groups>
      <group name="Regression">
        <method signature="TestCaseGrouping.testCaseOne()[pri:0, instance:com.testNG.examples.TestCaseGrouping@21bcffb5]" name="testCaseOne" class="com.testNG.examples.TestCaseGrouping"/>
        <method signature="TestCaseGrouping.testCaseTwo()[pri:0, instance:com.testNG.examples.TestCaseGrouping@21bcffb5]" name="testCaseTwo" class="com.testNG.examples.TestCaseGrouping"/>
      </group> <!-- Regression -->
    </groups>
    <test name="Group Functionality" duration-ms="4" started-at="2021-12-03T17:17:07 IST" finished-at="2021-12-03T17:17:07 IST">
      <class name="com.testNG.examples.TestCaseGrouping">
        <test-method status="PASS" signature="testCaseOne()[pri:0, instance:com.testNG.examples.TestCaseGrouping@21bcffb5]" name="testCaseOne" duration-ms="0" started-at="2021-12-03T17:17:07 IST" finished-at="2021-12-03T17:17:07 IST">
          <reporter-output>
          </reporter-output>
        </test-method> <!-- testCaseOne -->
        <test-method status="PASS" signature="testCaseTwo()[pri:0, instance:com.testNG.examples.TestCaseGrouping@21bcffb5]" name="testCaseTwo" duration-ms="0" started-at="2021-12-03T17:17:07 IST" finished-at="2021-12-03T17:17:07 IST">
          <reporter-output>
          </reporter-output>
        </test-method> <!-- testCaseTwo -->
      </class> <!-- com.testNG.examples.TestCaseGrouping -->
    </test> <!-- Group Functionality -->
  </suite> <!-- Suite (0) -->
</testng-results>
