<?xml version="1.0" encoding="UTF-8"?>
<!-- Generated by org.testng.reporters.JUnitXMLReporter -->
<testsuite hostname="DAMERP1-TL2" ignored="2" name="Group Functionality" tests="2" failures="0" timestamp="2021-12-02T13:51:57 IST" time="0.048" errors="0">
  <testcase name="testCaseOne" time="0.008" classname="com.testNG.examples.TestCaseGrouping"/>
  <testcase name="testCaseTwo" time="0.001" classname="com.testNG.examples.TestCaseGrouping"/>
  <testcase name="testCaseThree" time="0.0" classname="com.testNG.examples.TestCaseGrouping">
    <ignored/>
  </testcase> <!-- testCaseThree -->
  <testcase name="testCaseFour" time="0.0" classname="com.testNG.examples.TestCaseGrouping">
    <ignored/>
  </testcase> <!-- testCaseFour -->
</testsuite> <!-- Group Functionality -->
