<?xml version="1.0" encoding="UTF-8"?>
<!-- Generated by org.testng.reporters.JUnitXMLReporter -->
<testsuite hostname="DAMERP1-TL2" ignored="0" name="IntegrationLevel" tests="3" failures="0" timestamp="2021-12-03T17:17:07 IST" time="0.003" errors="0">
  <testcase name="commonScenarios" time="0.001" classname="com.testNG.dataProvider.DataProviderParameterExample"/>
  <testcase name="scenario1" time="0.0" classname="com.testNG.dataProvider.DataProviderParameterExample"/>
  <testcase name="scenario2" time="0.001" classname="com.testNG.dataProvider.DataProviderParameterExample"/>
</testsuite> <!-- IntegrationLevel -->
